<?xml version="1.0" encoding="UTF-8"?>
<testsuite name="no.nav.paw.arbeidssokerregisteret.routes.HealthRoutesTest" tests="1" skipped="0" failures="0" errors="0" timestamp="2024-05-03T04:07:02" hostname="nav-j4op-hpzg9" time="0.026">
  <properties/>
  <testcase name="should respond with 200 OK" classname="no.nav.paw.arbeidssokerregisteret.routes.HealthRoutesTest" time="0.026"/>
  <system-out><![CDATA[2024-05-03 06:07:02.006  INFO k.test:167 - No ktor.deployment.watch patterns specified, automatic reload is not active.
2024-05-03 06:07:02.023  INFO k.test:65 - Application started in 0.017 seconds.
2024-05-03 06:07:02.024  INFO k.test:77 - Responding at http://localhost:80
2024-05-03 06:07:02.024  INFO k.test:77 - Responding at https://localhost:443
]]></system-out>
  <system-err><![CDATA[]]></system-err>
</testsuite>
