<?xml version="1.0" encoding="UTF-8"?>
<testsuite name="no.nav.paw.arbeidssokerregisteret.application.EksternRegelIdTest" tests="1" skipped="0" failures="0" errors="0" timestamp="2024-05-03T04:07:00" hostname="nav-j4op-hpzg9" time="0.001">
  <properties/>
  <testcase name="verifiser at alle eksterne regler matcher en intern regel" classname="no.nav.paw.arbeidssokerregisteret.application.EksternRegelIdTest" time="0.001"/>
  <system-out><![CDATA[]]></system-out>
  <system-err><![CDATA[]]></system-err>
</testsuite>
