<?xml version="1.0" encoding="UTF-8"?>
<testsuite name="no.nav.paw.arbeidssokerregisteret.routes.SwaggerRoutesTest" tests="1" skipped="0" failures="0" errors="0" timestamp="2024-05-03T04:07:02" hostname="nav-j4op-hpzg9" time="0.017">
  <properties/>
  <testcase name="should respond with 200 OK" classname="no.nav.paw.arbeidssokerregisteret.routes.SwaggerRoutesTest" time="0.017"/>
  <system-out><![CDATA[2024-05-03 06:07:02.034  INFO k.test:167 - No ktor.deployment.watch patterns specified, automatic reload is not active.
2024-05-03 06:07:02.036  INFO k.test:65 - Application started in 0.002 seconds.
2024-05-03 06:07:02.037  INFO k.test:77 - Responding at http://localhost:80
2024-05-03 06:07:02.037  INFO k.test:77 - Responding at https://localhost:443
]]></system-out>
  <system-err><![CDATA[]]></system-err>
</testsuite>
