<?xml version="1.0" encoding="UTF-8"?>
<testsuite name="no.nav.paw.arbeidssokerregisteret.ApplicationOpplysningerTest" tests="1" skipped="0" failures="0" errors="0" timestamp="2024-05-03T04:06:57" hostname="nav-j4op-hpzg9" time="1.414">
  <properties/>
  <testcase name="Verifiser opplysninger happy path" classname="no.nav.paw.arbeidssokerregisteret.ApplicationOpplysningerTest" time="1.414"/>
  <system-out><![CDATA[06:06:57,978 |-INFO in ch.qos.logback.classic.LoggerContext[default] - This is logback-classic version 1.5.2
06:06:57,979 |-INFO in ch.qos.logback.classic.util.ContextInitializer@642650da - No custom configurators were discovered as a service.
06:06:57,979 |-INFO in ch.qos.logback.classic.util.ContextInitializer@642650da - Trying to configure with ch.qos.logback.classic.joran.SerializedModelConfigurator
06:06:57,980 |-INFO in ch.qos.logback.classic.util.ContextInitializer@642650da - Constructed configurator of type class ch.qos.logback.classic.joran.SerializedModelConfigurator
06:06:57,983 |-INFO in ch.qos.logback.classic.LoggerContext[default] - Could NOT find resource [logback-test.scmo]
06:06:57,983 |-INFO in ch.qos.logback.classic.LoggerContext[default] - Could NOT find resource [logback.scmo]
06:06:57,988 |-INFO in ch.qos.logback.classic.util.ContextInitializer@642650da - ch.qos.logback.classic.joran.SerializedModelConfigurator.configure() call lasted 4 milliseconds. ExecutionStatus=INVOKE_NEXT_IF_ANY
06:06:57,988 |-INFO in ch.qos.logback.classic.util.ContextInitializer@642650da - Trying to configure with ch.qos.logback.classic.util.DefaultJoranConfigurator
06:06:57,988 |-INFO in ch.qos.logback.classic.util.ContextInitializer@642650da - Constructed configurator of type class ch.qos.logback.classic.util.DefaultJoranConfigurator
06:06:57,988 |-INFO in ch.qos.logback.classic.LoggerContext[default] - Could NOT find resource [logback-test.xml]
06:06:57,990 |-INFO in ch.qos.logback.classic.LoggerContext[default] - Found resource [logback.xml] at [file:/home/nms/src/paw-arbeidssokerregisteret-api-inngang/api-perioder/build/resources/main/logback.xml]
06:06:57,990 |-WARN in ch.qos.logback.classic.util.DefaultJoranConfigurator@55c339b5 - Resource [logback.xml] occurs multiple times on the classpath.
06:06:57,990 |-WARN in ch.qos.logback.classic.util.DefaultJoranConfigurator@55c339b5 - Resource [logback.xml] occurs at [file:/home/nms/src/paw-arbeidssokerregisteret-api-inngang/api-perioder/build/resources/main/logback.xml]
06:06:57,990 |-WARN in ch.qos.logback.classic.util.DefaultJoranConfigurator@55c339b5 - Resource [logback.xml] occurs at [jar:file:/home/nms/.gradle/caches/modules-2/files-2.1/no.nav.security/mock-oauth2-server/2.0.0/513ae15e5c7fcec607ccc1c249bd4fa00bb09208/mock-oauth2-server-2.0.0.jar!/logback.xml]
06:06:57,990 |-WARN in ch.qos.logback.classic.util.DefaultJoranConfigurator@55c339b5 - Resource [logback.xml] occurs at [jar:file:/home/nms/.gradle/caches/modules-2/files-2.1/io.swagger.codegen.v3/swagger-codegen-generators/1.0.38/24ad4592fa92f0e693d616de13629f59e5c3cd97/swagger-codegen-generators-1.0.38.jar!/logback.xml]
06:06:58,036 |-INFO in ch.qos.logback.core.joran.util.ConfigurationWatchListUtil@61b27ea1 - Adding [jar:file:/home/nms/.gradle/caches/modules-2/files-2.1/no.nav.common/audit-log/3.2024.02.21_11.18-8f9b43befae1/a8aa52107d657ed19c12c810648466e017bdc4a9/audit-log-3.2024.02.21_11.18-8f9b43befae1.jar!/no/nav/common/audit_log/logback-naudit.xml] to configuration watch list.
06:06:58,036 |-INFO in ch.qos.logback.core.joran.spi.ConfigurationWatchList@49da942a - URL [jar:file:/home/nms/.gradle/caches/modules-2/files-2.1/no.nav.common/audit-log/3.2024.02.21_11.18-8f9b43befae1/a8aa52107d657ed19c12c810648466e017bdc4a9/audit-log-3.2024.02.21_11.18-8f9b43befae1.jar!/no/nav/common/audit_log/logback-naudit.xml] is not of type file
06:06:58,178 |-INFO in ch.qos.logback.core.model.processor.conditional.IfModelHandler - Condition ["NAIS_CLUSTER_NAME_IS_UNDEFINED" == "NAIS_CLUSTER_NAME_IS_UNDEFINED"] evaluated to true on line 27
06:06:58,179 |-WARN in ch.qos.logback.core.model.processor.AppenderModelHandler - Appender named [STDOUT_JSON] not referenced. Skipping further processing.
06:06:58,179 |-INFO in ch.qos.logback.core.model.processor.AppenderModelHandler - Processing appender named [CONSOLE]
06:06:58,179 |-INFO in ch.qos.logback.core.model.processor.AppenderModelHandler - About to instantiate appender of type [ch.qos.logback.core.ConsoleAppender]
06:06:58,183 |-INFO in ch.qos.logback.core.model.processor.ImplicitModelHandler - Assuming default type [ch.qos.logback.classic.encoder.PatternLayoutEncoder] for [encoder] property
06:06:58,194 |-WARN in ch.qos.logback.core.model.processor.AppenderModelHandler - Appender named [secureLog] not referenced. Skipping further processing.
06:06:58,194 |-INFO in ch.qos.logback.classic.model.processor.RootLoggerModelHandler - Setting level of ROOT logger to INFO
06:06:58,194 |-INFO in ch.qos.logback.core.model.processor.AppenderRefModelHandler - Attaching appender named [CONSOLE] to Logger[ROOT]
06:06:58,194 |-INFO in ch.qos.logback.core.model.processor.AppenderModelHandler - Processing appender named [AuditLogger]
06:06:58,194 |-INFO in ch.qos.logback.core.model.processor.AppenderModelHandler - About to instantiate appender of type [com.papertrailapp.logback.Syslog4jAppender]
06:06:58,198 |-WARN in ch.qos.logback.core.joran.util.beans.BeanDescriptionFactory@1f2cad4b - Class 'org.productivity.java.syslog4j.impl.net.tcp.TCPNetSyslogConfig' contains multiple setters for the same property 'delimiterSequence'.
06:06:58,198 |-WARN in ch.qos.logback.core.joran.util.beans.BeanDescriptionFactory@1f2cad4b - Class 'org.productivity.java.syslog4j.impl.net.tcp.TCPNetSyslogConfig' contains multiple setters for the same property 'facility'.
06:06:58,198 |-WARN in ch.qos.logback.core.joran.util.beans.BeanDescriptionFactory@1f2cad4b - Class 'org.productivity.java.syslog4j.impl.net.tcp.TCPNetSyslogConfig' contains multiple setters for the same property 'splitMessageBeginText'.
06:06:58,198 |-WARN in ch.qos.logback.core.joran.util.beans.BeanDescriptionFactory@1f2cad4b - Class 'org.productivity.java.syslog4j.impl.net.tcp.TCPNetSyslogConfig' contains multiple setters for the same property 'splitMessageEndText'.
06:06:58,200 |-INFO in ch.qos.logback.classic.model.processor.LoggerModelHandler - Setting level of logger [AuditLogger] to INFO
06:06:58,201 |-INFO in ch.qos.logback.classic.model.processor.LoggerModelHandler - Setting additivity of logger [AuditLogger] to false
06:06:58,201 |-INFO in ch.qos.logback.core.model.processor.AppenderRefModelHandler - Attaching appender named [AuditLogger] to Logger[AuditLogger]
06:06:58,201 |-INFO in ch.qos.logback.core.model.processor.DefaultProcessor@53ee218a - End of configuration.
06:06:58,201 |-INFO in ch.qos.logback.classic.joran.JoranConfigurator@215b1a20 - Registering current configuration as safe fallback point
06:06:58,201 |-INFO in ch.qos.logback.classic.util.ContextInitializer@642650da - ch.qos.logback.classic.util.DefaultJoranConfigurator.configure() call lasted 213 milliseconds. ExecutionStatus=DO_NOT_INVOKE_NEXT_IF_ANY

2024-05-03 06:06:58.885  INFO k.test:167 - No ktor.deployment.watch patterns specified, automatic reload is not active.
2024-05-03 06:06:59.119  INFO k.test:65 - Application started in 0.252 seconds.
2024-05-03 06:06:59.121  INFO k.test:77 - Responding at http://localhost:80
2024-05-03 06:06:59.121  INFO k.test:77 - Responding at https://localhost:443
]]></system-out>
  <system-err><![CDATA[WARNING: A Java agent has been loaded dynamically (/home/nms/.gradle/caches/modules-2/files-2.1/net.bytebuddy/byte-buddy-agent/1.14.6/46e2545d7a97b6ccb195621650c5957279eb4812/byte-buddy-agent-1.14.6.jar)
WARNING: If a serviceability tool is in use, please run with -XX:+EnableDynamicAgentLoading to hide this warning
WARNING: If a serviceability tool is not in use, please run with -Djdk.instrument.traceUsage for more information
WARNING: Dynamic loading of agents will be disallowed by default in a future release
]]></system-err>
</testsuite>
